<?xml version="1.0" encoding="UTF-8"?>
<!-- Generated by org.testng.reporters.JUnitReportReporter -->
<testsuite name="com.test.automation.uiAutomation.LoginPage.TC001_VerifyLoginwithInvalidCredentials" tests="1" time="3.054" ignored="0" failures="0" timestamp="09 Mar 2018 18:18:03 GMT" skipped="0" hostname="sys-PC" errors="0">
  <testcase name="verifyLoginwithInvalidCredentials" time="3.054" classname="com.test.automation.uiAutomation.LoginPage.TC001_VerifyLoginwithInvalidCredentials"/>
</testsuite> <!-- com.test.automation.uiAutomation.LoginPage.TC001_VerifyLoginwithInvalidCredentials -->
